<?xml version="1.0" encoding="UTF-8"?>
<testng-results ignored="0" total="2" passed="2" failed="0" skipped="0">
  <reporter-output>
  </reporter-output>
  <suite started-at="2024-10-17T13:38:34 IST" name="Suite" finished-at="2024-10-17T13:38:45 IST" duration-ms="11194">
    <groups>
      <group name="Master">
        <method signature="TC001_AccountRegistration.verify_Account_Registration()[pri:0, instance:testCases.TC001_AccountRegistration@3b7d3a38]" name="verify_Account_Registration" class="testCases.TC001_AccountRegistration"/>
        <method signature="TC002_LoginTest.verify_Login()[pri:0, instance:testCases.TC002_LoginTest@7a362b6b]" name="verify_Login" class="testCases.TC002_LoginTest"/>
      </group> <!-- Master -->
      <group name="Regression">
        <method signature="TC001_AccountRegistration.verify_Account_Registration()[pri:0, instance:testCases.TC001_AccountRegistration@3b7d3a38]" name="verify_Account_Registration" class="testCases.TC001_AccountRegistration"/>
      </group> <!-- Regression -->
      <group name="sanity">
        <method signature="TC002_LoginTest.verify_Login()[pri:0, instance:testCases.TC002_LoginTest@7a362b6b]" name="verify_Login" class="testCases.TC002_LoginTest"/>
      </group> <!-- sanity -->
    </groups>
    <test started-at="2024-10-17T13:38:34 IST" name="Test" finished-at="2024-10-17T13:38:45 IST" duration-ms="11194">
      <class name="testCases.TC002_LoginTest">
        <test-method is-config="true" signature="setUp(java.lang.String,java.lang.String)[pri:0, instance:testCases.TC002_LoginTest@7a362b6b]" started-at="2024-10-17T13:38:40 IST" name="setUp" finished-at="2024-10-17T13:38:43 IST" duration-ms="2546" status="PASS">
          <params>
            <param index="0">
              <value>
                <![CDATA[Windows]]>
              </value>
            </param>
            <param index="1">
              <value>
                <![CDATA[chrome]]>
              </value>
            </param>
          </params>
          <reporter-output>
          </reporter-output>
        </test-method> <!-- setUp -->
        <test-method signature="verify_Login()[pri:0, instance:testCases.TC002_LoginTest@7a362b6b]" started-at="2024-10-17T13:38:43 IST" name="verify_Login" finished-at="2024-10-17T13:38:45 IST" duration-ms="1734" status="PASS">
          <reporter-output>
          </reporter-output>
        </test-method> <!-- verify_Login -->
        <test-method is-config="true" signature="tearDown()[pri:0, instance:testCases.TC002_LoginTest@7a362b6b]" started-at="2024-10-17T13:38:45 IST" name="tearDown" finished-at="2024-10-17T13:38:45 IST" duration-ms="224" status="PASS">
          <reporter-output>
          </reporter-output>
        </test-method> <!-- tearDown -->
      </class> <!-- testCases.TC002_LoginTest -->
      <class name="testCases.TC001_AccountRegistration">
        <test-method is-config="true" signature="setUp(java.lang.String,java.lang.String)[pri:0, instance:testCases.TC001_AccountRegistration@3b7d3a38]" started-at="2024-10-17T13:38:34 IST" name="setUp" finished-at="2024-10-17T13:38:37 IST" duration-ms="3204" status="PASS">
          <params>
            <param index="0">
              <value>
                <![CDATA[Windows]]>
              </value>
            </param>
            <param index="1">
              <value>
                <![CDATA[chrome]]>
              </value>
            </param>
          </params>
          <reporter-output>
          </reporter-output>
        </test-method> <!-- setUp -->
        <test-method signature="verify_Account_Registration()[pri:0, instance:testCases.TC001_AccountRegistration@3b7d3a38]" started-at="2024-10-17T13:38:37 IST" name="verify_Account_Registration" finished-at="2024-10-17T13:38:40 IST" duration-ms="2763" status="PASS">
          <reporter-output>
          </reporter-output>
        </test-method> <!-- verify_Account_Registration -->
        <test-method is-config="true" signature="tearDown()[pri:0, instance:testCases.TC001_AccountRegistration@3b7d3a38]" started-at="2024-10-17T13:38:40 IST" name="tearDown" finished-at="2024-10-17T13:38:40 IST" duration-ms="258" status="PASS">
          <reporter-output>
          </reporter-output>
        </test-method> <!-- tearDown -->
      </class> <!-- testCases.TC001_AccountRegistration -->
    </test> <!-- Test -->
  </suite> <!-- Suite -->
</testng-results>
