<?xml version="1.0" encoding="UTF-8"?>
<testng-results ignored="0" total="1" passed="1" failed="0" skipped="0">
  <reporter-output>
  </reporter-output>
  <suite started-at="2024-10-18T10:21:50 IST" name="Suite" finished-at="2024-10-18T10:22:42 IST" duration-ms="51878">
    <groups>
    </groups>
    <test started-at="2024-10-18T10:21:50 IST" name="Test" finished-at="2024-10-18T10:22:42 IST" duration-ms="51878">
      <class name="testCases.TC004_SearchProduct">
        <test-method is-config="true" signature="setUp(java.lang.String,java.lang.String)[pri:0, instance:testCases.TC004_SearchProduct@2e11485]" started-at="2024-10-18T10:21:50 IST" name="setUp" finished-at="2024-10-18T10:22:30 IST" duration-ms="39909" status="PASS">
          <params>
            <param index="0">
              <value>
                <![CDATA[Windows]]>
              </value>
            </param>
            <param index="1">
              <value>
                <![CDATA[chrome]]>
              </value>
            </param>
          </params>
          <reporter-output>
          </reporter-output>
        </test-method> <!-- setUp -->
        <test-method signature="verify_Search_Product()[pri:0, instance:testCases.TC004_SearchProduct@2e11485]" started-at="2024-10-18T10:22:30 IST" name="verify_Search_Product" finished-at="2024-10-18T10:22:41 IST" duration-ms="11254" status="PASS">
          <reporter-output>
          </reporter-output>
        </test-method> <!-- verify_Search_Product -->
        <test-method is-config="true" signature="tearDown()[pri:0, instance:testCases.TC004_SearchProduct@2e11485]" started-at="2024-10-18T10:22:41 IST" name="tearDown" finished-at="2024-10-18T10:22:42 IST" duration-ms="219" status="PASS">
          <reporter-output>
          </reporter-output>
        </test-method> <!-- tearDown -->
      </class> <!-- testCases.TC004_SearchProduct -->
    </test> <!-- Test -->
  </suite> <!-- Suite -->
</testng-results>
